<?xml version="1.0" encoding="UTF-8"?>
<!-- Generated by org.testng.reporters.JUnitReportReporter -->
<testsuite hostname="DESKTOP-NOR6CNL" failures="0" tests="2" name="AutomationPractice.verifyLoginDataProvider" time="29.580" errors="0" timestamp="2020-06-27T14:41:39 EEST" skipped="0">
  <testcase classname="AutomationPractice.verifyLoginDataProvider" name="Login" time="14.770"/>
  <system-out/>
  <testcase classname="AutomationPractice.verifyLoginDataProvider" name="Login" time="14.810"/>
  <system-out/>
</testsuite> <!-- AutomationPractice.verifyLoginDataProvider -->
