<?xml version="1.0" encoding="UTF-8"?>
<!-- Generated by org.testng.reporters.JUnitReportReporter -->
<testsuite hostname="DESKTOP-NOR6CNL" failures="0" tests="2" name="AutomationPractice.loginPage" time="32.767" errors="0" timestamp="2020-06-25T15:32:27 EEST" skipped="0">
  <testcase classname="AutomationPractice.loginPage" name="Login" time="19.250"/>
  <system-out/>
  <testcase classname="AutomationPractice.loginPage" name="Login" time="13.517"/>
  <system-out/>
</testsuite> <!-- AutomationPractice.loginPage -->
