<?xml version="1.0" encoding="UTF-8"?>
<!-- Generated by org.testng.reporters.JUnitReportReporter -->
<testsuite hostname="DESKTOP-NOR6CNL" failures="0" tests="4" name="AutomationPractice.verifyHomePageElements" time="0.412" errors="0" timestamp="2020-06-27T14:40:38 EEST" skipped="0">
  <testcase classname="AutomationPractice.verifyHomePageElements" name="verifySignInButton" time="0.126"/>
  <system-out/>
  <testcase classname="AutomationPractice.verifyHomePageElements" name="verifyTheUrl" time="0.018"/>
  <system-out/>
  <testcase classname="AutomationPractice.verifyHomePageElements" name="verifyShopPhoneText" time="0.239"/>
  <system-out/>
  <testcase classname="AutomationPractice.verifyHomePageElements" name="verifyPageTitle" time="0.029"/>
  <system-out/>
</testsuite> <!-- AutomationPractice.verifyHomePageElements -->
