<?xml version="1.0" encoding="UTF-8"?>
<!-- Generated by org.testng.reporters.JUnitReportReporter -->
<testsuite hostname="DESKTOP-NOR6CNL" failures="0" tests="2" name="AutomationPractice.loginPage" time="34.763" errors="0" timestamp="2020-06-22T14:57:10 EEST" skipped="0">
  <testcase classname="AutomationPractice.loginPage" name="Login" time="16.738"/>
  <system-out/>
  <testcase classname="AutomationPractice.loginPage" name="Login" time="18.025"/>
  <system-out/>
</testsuite> <!-- AutomationPractice.loginPage -->
