<?xml version="1.0" encoding="UTF-8"?>
<!-- Generated by org.testng.reporters.JUnitReportReporter -->
<testsuite hostname="DESKTOP-NOR6CNL" failures="0" tests="4" name="AutomationPractice.homePage" time="0.210" errors="0" timestamp="2020-06-25T14:59:23 EEST" skipped="0">
  <testcase classname="AutomationPractice.homePage" name="verifyRowMenu" time="0.057"/>
  <system-out/>
  <testcase classname="AutomationPractice.homePage" name="verifySignInButton" time="0.056"/>
  <system-out/>
  <testcase classname="AutomationPractice.homePage" name="verifyPageTitle" time="0.037"/>
  <system-out/>
  <testcase classname="AutomationPractice.homePage" name="verifyShopPhoneText" time="0.060"/>
  <system-out/>
</testsuite> <!-- AutomationPractice.homePage -->
