<?xml version="1.0" encoding="UTF-8"?>
<!-- Generated by org.testng.reporters.JUnitReportReporter -->
<testsuite hostname="DESKTOP-NOR6CNL" failures="0" tests="1" name="AutomationPractice.verifyLogin" time="18.453" errors="0" timestamp="2020-06-28T13:48:11 EEST" skipped="0">
  <testcase classname="AutomationPractice.verifyLogin" name="verifyLoginWithValidUser" time="18.453"/>
  <system-out/>
</testsuite> <!-- AutomationPractice.verifyLogin -->
