<?xml version="1.0" encoding="UTF-8"?>
<!-- Generated by org.testng.reporters.JUnitReportReporter -->
<testsuite hostname="DESKTOP-NOR6CNL" failures="0" tests="1" name="AutomationPractice.addToCard" time="16.741" errors="0" timestamp="2020-06-25T16:23:40 EEST" skipped="0">
  <testcase classname="AutomationPractice.addToCard" name="addtoCard" time="16.741"/>
  <system-out/>
</testsuite> <!-- AutomationPractice.addToCard -->
