<?xml version="1.0" encoding="UTF-8"?>
<!-- Generated by org.testng.reporters.JUnitReportReporter -->
<testsuite hostname="DESKTOP-NOR6CNL" failures="0" tests="4" name="AutomationPractice.verifyHomePageElements" time="0.388" errors="0" timestamp="2020-06-28T12:07:56 EEST" skipped="0">
  <testcase classname="AutomationPractice.verifyHomePageElements" name="verifyShopPhoneText" time="0.219"/>
  <system-out/>
  <testcase classname="AutomationPractice.verifyHomePageElements" name="verifyPageTitle" time="0.026"/>
  <system-out/>
  <testcase classname="AutomationPractice.verifyHomePageElements" name="verifyTheUrl" time="0.010"/>
  <system-out/>
  <testcase classname="AutomationPractice.verifyHomePageElements" name="verifySignInButton" time="0.133"/>
  <system-out/>
</testsuite> <!-- AutomationPractice.verifyHomePageElements -->
