<?xml version="1.0" encoding="UTF-8"?>
<!-- Generated by org.testng.reporters.JUnitReportReporter -->
<testsuite hostname="DESKTOP-NOR6CNL" failures="0" tests="1" name="AutomationPractice.HomePage" time="2.536" errors="0" timestamp="2020-06-19T17:08:36 EEST" skipped="0">
  <testcase classname="AutomationPractice.HomePage" name="signInButton" time="2.536"/>
  <system-out/>
</testsuite> <!-- AutomationPractice.HomePage -->
