<?xml version="1.0" encoding="UTF-8"?>
<!-- Generated by org.testng.reporters.JUnitReportReporter -->
<testsuite hostname="DESKTOP-NOR6CNL" failures="0" tests="2" name="AutomationPractice.verifyLoginDataProvider" time="44.829" errors="0" timestamp="2020-06-28T12:07:56 EEST" skipped="0">
  <testcase classname="AutomationPractice.verifyLoginDataProvider" name="Login" time="21.135"/>
  <system-out/>
  <testcase classname="AutomationPractice.verifyLoginDataProvider" name="Login" time="23.694"/>
  <system-out/>
</testsuite> <!-- AutomationPractice.verifyLoginDataProvider -->
