<?xml version="1.0" encoding="UTF-8"?>
<!-- Generated by org.testng.reporters.JUnitReportReporter -->
<testsuite hostname="DESKTOP-NOR6CNL" failures="0" tests="4" name="AutomationPractice.verifyLogin" time="133.564" errors="0" timestamp="2020-06-28T12:07:56 EEST" skipped="0">
  <testcase classname="AutomationPractice.verifyLogin" name="verifyLoginWithValidUser" time="23.987"/>
  <system-out/>
  <testcase classname="AutomationPractice.verifyLogin" name="verifyLoginWithInvalidUserAndWrongPassword" time="33.806"/>
  <system-out/>
  <testcase classname="AutomationPractice.verifyLogin" name="verifyLoginWithValidUserAndWrongPassword" time="38.685"/>
  <system-out/>
  <testcase classname="AutomationPractice.verifyLogin" name="verifyLoginWithInValidUserAndValidPassword" time="37.086"/>
  <system-out/>
</testsuite> <!-- AutomationPractice.verifyLogin -->
